<?xml version="1.0" encoding="UTF-8"?>
<!-- Generated by org.testng.reporters.JUnitReportReporter -->
<testsuite hostname="DESKTOP-BVIHG9S" failures="0" tests="4" name="apisfree.testcases.HomePageTest_TC1" time="32.337" errors="0" timestamp="2023-11-08T11:31:49 IST" skipped="0">
  <testcase classname="apisfree.testcases.HomePageTest_TC1" name="SpecTextboxTextTest" time="5.812"/>
  <system-out/>
  <testcase classname="apisfree.testcases.HomePageTest_TC1" name="validateSampleScanLinkTest" time="12.325"/>
  <system-out/>
  <testcase classname="apisfree.testcases.HomePageTest_TC1" name="EmailTextboxTextTest" time="6.212"/>
  <system-out/>
  <testcase classname="apisfree.testcases.HomePageTest_TC1" name="validateSampleSpecAnalysisLinkTest" time="7.988"/>
  <system-out/>
</testsuite> <!-- apisfree.testcases.HomePageTest_TC1 -->
