<?xml version="1.0" encoding="UTF-8"?>
<!-- Generated by org.testng.reporters.JUnitReportReporter -->
<testsuite hostname="DESKTOP-BVIHG9S" failures="0" tests="1" name="apisfree.testcases.HomePage_SampleSpecAnalysisTest" time="11.653" errors="0" timestamp="2023-11-16T13:11:51 IST" skipped="0">
  <testcase classname="apisfree.testcases.HomePage_SampleSpecAnalysisTest" name="SampleSpecAnalysisLinkTest" time="11.653"/>
  <system-out/>
</testsuite> <!-- apisfree.testcases.HomePage_SampleSpecAnalysisTest -->
