<?xml version="1.0" encoding="UTF-8"?>
<!-- Generated by org.testng.reporters.JUnitReportReporter -->
<testsuite hostname="DESKTOP-BVIHG9S" failures="0" tests="1" name="apisfree.testcases.HomePage_SampleScanTest" time="10.864" errors="0" timestamp="2023-11-09T20:30:00 IST" skipped="0">
  <testcase classname="apisfree.testcases.HomePage_SampleScanTest" name="SampleScanLinkTest" time="10.864"/>
  <system-out/>
</testsuite> <!-- apisfree.testcases.HomePage_SampleScanTest -->
