<?xml version="1.0" encoding="UTF-8"?>
<!-- Generated by org.testng.reporters.JUnitReportReporter -->
<testsuite hostname="DESKTOP-2IC3HB7" failures="0" tests="9" name="APIsecFree.ScanFree.ScansTest" time="55.787" errors="0" timestamp="2023-07-17T14:24:26 IST" skipped="8">
  <testcase classname="APIsecFree.ScanFree.ScansTest" name="InvalidTC1" time="55.787"/>
  <system-out/>
  <testcase classname="APIsecFree.ScanFree.ScansTest" name="MultipleTC">
    <skipped/>
  </testcase> <!-- MultipleTC -->
  <system-out/>
  <testcase classname="APIsecFree.ScanFree.ScansTest" name="BaseTC1">
    <skipped/>
  </testcase> <!-- BaseTC1 -->
  <system-out/>
  <testcase classname="APIsecFree.ScanFree.ScansTest" name="ProdTC1">
    <skipped/>
  </testcase> <!-- ProdTC1 -->
  <system-out/>
  <testcase classname="APIsecFree.ScanFree.ScansTest" name="FileUploadTC">
    <skipped/>
  </testcase> <!-- FileUploadTC -->
  <system-out/>
  <testcase classname="APIsecFree.ScanFree.ScansTest" name="FileUploadTCX">
    <skipped/>
  </testcase> <!-- FileUploadTCX -->
  <system-out/>
  <testcase classname="APIsecFree.ScanFree.ScansTest" name="TroubleTC1">
    <skipped/>
  </testcase> <!-- TroubleTC1 -->
  <system-out/>
  <testcase classname="APIsecFree.ScanFree.ScansTest" name="ValidTC1">
    <skipped/>
  </testcase> <!-- ValidTC1 -->
  <system-out/>
  <testcase classname="APIsecFree.ScanFree.ScansTest" name="OASTC1">
    <skipped/>
  </testcase> <!-- OASTC1 -->
  <system-out/>
</testsuite> <!-- APIsecFree.ScanFree.ScansTest -->
