<?xml version="1.0" encoding="UTF-8"?>
<!-- Generated by org.testng.reporters.JUnitReportReporter -->
<testsuite hostname="DESKTOP-2IC3HB7" failures="0" tests="1" name="APIsecFree.ScanFree.InvalidUrl" time="20.444" errors="0" timestamp="2023-07-26T13:25:02 IST" skipped="0">
  <testcase classname="APIsecFree.ScanFree.InvalidUrl" name="InvalidTC1" time="20.444"/>
  <system-out/>
</testsuite> <!-- APIsecFree.ScanFree.InvalidUrl -->
